Sun Aug 09 12:47:31 CST 2015  [debug] AvalonLogSystem initialized using logfile 'velocity.log'
Sun Aug 09 12:47:31 CST 2015   [info] ************************************************************** 
Sun Aug 09 12:47:31 CST 2015   [info] Starting Jakarta Velocity v1.4
Sun Aug 09 12:47:31 CST 2015   [info] RuntimeInstance initializing.
Sun Aug 09 12:47:31 CST 2015   [info] Default Properties File: org\apache\velocity\runtime\defaults\velocity.properties
Sun Aug 09 12:47:31 CST 2015   [info] Trying to use logger class org.apache.velocity.runtime.log.AvalonLogSystem
Sun Aug 09 12:47:31 CST 2015   [info] Using logger class org.apache.velocity.runtime.log.AvalonLogSystem
Sun Aug 09 12:47:31 CST 2015   [info] Default ResourceManager initializing. (class org.apache.velocity.runtime.resource.ResourceManagerImpl)
Sun Aug 09 12:47:31 CST 2015   [info] Resource Loader Instantiated: org.apache.velocity.runtime.resource.loader.ClasspathResourceLoader
Sun Aug 09 12:47:31 CST 2015   [info] ClasspathResourceLoader : initialization starting.
Sun Aug 09 12:47:31 CST 2015   [info] ClasspathResourceLoader : initialization complete.
Sun Aug 09 12:47:31 CST 2015   [info] Resource Loader Instantiated: org.apache.velocity.tools.view.servlet.WebappLoader
Sun Aug 09 12:47:31 CST 2015   [info] WebappLoader : initialization starting.
Sun Aug 09 12:47:31 CST 2015   [info] WebappLoader : initialization complete.
Sun Aug 09 12:47:31 CST 2015   [info] ResourceCache : initialized. (class org.apache.velocity.runtime.resource.ResourceCacheImpl)
Sun Aug 09 12:47:31 CST 2015   [info] Default ResourceManager initialization complete.
Sun Aug 09 12:47:31 CST 2015   [info] Loaded System Directive: org.apache.velocity.runtime.directive.Literal
Sun Aug 09 12:47:31 CST 2015   [info] Loaded System Directive: org.apache.velocity.runtime.directive.Macro
Sun Aug 09 12:47:31 CST 2015   [info] Loaded System Directive: org.apache.velocity.runtime.directive.Parse
Sun Aug 09 12:47:31 CST 2015   [info] Loaded System Directive: org.apache.velocity.runtime.directive.Include
Sun Aug 09 12:47:31 CST 2015   [info] Loaded System Directive: org.apache.velocity.runtime.directive.Foreach
Sun Aug 09 12:47:31 CST 2015   [info] Loaded User Directive: net.sf.navigator.displayer.LocalDirective
Sun Aug 09 12:47:31 CST 2015   [info] Created: 20 parsers.
Sun Aug 09 12:47:31 CST 2015   [info] Velocimacro : initialization starting.
Sun Aug 09 12:47:31 CST 2015   [info] Velocimacro : adding VMs from VM library template : net/sf/navigator/displayer/globalMacros.vm
Sun Aug 09 12:47:31 CST 2015   [info] Velocimacro : added new VM : #eval( _macro ) : source = net/sf/navigator/displayer/globalMacros.vm
Sun Aug 09 12:47:31 CST 2015   [info] Velocimacro : added new VM : #displayMenu( menu level ) : source = net/sf/navigator/displayer/globalMacros.vm
Sun Aug 09 12:47:31 CST 2015   [info] ResourceManager : found net/sf/navigator/displayer/globalMacros.vm with loader org.apache.velocity.runtime.resource.loader.ClasspathResourceLoader
Sun Aug 09 12:47:31 CST 2015   [info] Velocimacro :  VM library template macro registration complete.
Sun Aug 09 12:47:31 CST 2015   [info] Velocimacro : adding VMs from VM library template : menuMacros.vm
Sun Aug 09 12:47:31 CST 2015  [error] ResourceManager : unable to find resource 'menuMacros.vm' in any resource loader.
Sun Aug 09 12:47:31 CST 2015   [info] Velocimacro : error using  VM library template menuMacros.vm : org.apache.velocity.exception.ResourceNotFoundException: Unable to find resource 'menuMacros.vm'
Sun Aug 09 12:47:31 CST 2015   [info] Velocimacro :  VM library template macro registration complete.
Sun Aug 09 12:47:31 CST 2015   [info] Velocimacro : allowInline = true : VMs can be defined inline in templates
Sun Aug 09 12:47:31 CST 2015   [info] Velocimacro : allowInlineToOverride = true : VMs defined inline may replace previous VM definitions
Sun Aug 09 12:47:31 CST 2015   [info] Velocimacro : allowInlineLocal = false : VMs defined inline will be  global in scope if allowed.
Sun Aug 09 12:47:31 CST 2015   [info] Velocimacro : messages on  : VM system will output logging messages
Sun Aug 09 12:47:31 CST 2015   [info] Velocimacro : autoload on  : VM system will automatically reload global library macros
Sun Aug 09 12:47:31 CST 2015   [info] Velocimacro : initialization complete.
Sun Aug 09 12:47:31 CST 2015   [info] Velocity successfully started.
